{"/Users/akrambettayeb/Desktop/Software Engineering/chi-works/front-end/components/ui/button.jsx": {"path":"/Users/akrambettayeb/Desktop/Software Engineering/chi-works/front-end/components/ui/button.jsx","statementMap":{"0":{"start":{"line":7,"column":23},"end":{"line":34,"column":1}},"1":{"start":{"line":36,"column":15},"end":{"line":44,"column":2}},"2":{"start":{"line":37,"column":15},"end":{"line":37,"column":40}},"3":{"start":{"line":38,"column":2},"end":{"line":43,"column":4}},"4":{"start":{"line":45,"column":0},"end":{"line":45,"column":29}}},"fnMap":{"0":{"name":"(anonymous_0)","decl":{"start":{"line":36,"column":32},"end":{"line":36,"column":33}},"loc":{"start":{"line":36,"column":98},"end":{"line":44,"column":1}},"line":36}},"branchMap":{"0":{"loc":{"start":{"line":36,"column":61},"end":{"line":36,"column":76}},"type":"default-arg","locations":[{"start":{"line":36,"column":71},"end":{"line":36,"column":76}}],"line":36},"1":{"loc":{"start":{"line":37,"column":15},"end":{"line":37,"column":40}},"type":"cond-expr","locations":[{"start":{"line":37,"column":25},"end":{"line":37,"column":29}},{"start":{"line":37,"column":32},"end":{"line":37,"column":40}}],"line":37}},"s":{"0":1,"1":1,"2":56,"3":56,"4":1},"f":{"0":56},"b":{"0":[56],"1":[0,56]},"_coverageSchema":"1a1c01bbd47fc00a2c39e90264f33305004495a9","hash":"f43190c0bad29da00e8eee578907133076e1aee0"}
,"/Users/akrambettayeb/Desktop/Software Engineering/chi-works/front-end/components/ui/card.jsx": {"path":"/Users/akrambettayeb/Desktop/Software Engineering/chi-works/front-end/components/ui/card.jsx","statementMap":{"0":{"start":{"line":5,"column":13},"end":{"line":10,"column":2}},"1":{"start":{"line":6,"column":2},"end":{"line":9,"column":17}},"2":{"start":{"line":11,"column":0},"end":{"line":11,"column":25}},"3":{"start":{"line":13,"column":19},"end":{"line":18,"column":2}},"4":{"start":{"line":14,"column":2},"end":{"line":17,"column":17}},"5":{"start":{"line":19,"column":0},"end":{"line":19,"column":37}},"6":{"start":{"line":21,"column":18},"end":{"line":26,"column":2}},"7":{"start":{"line":22,"column":2},"end":{"line":25,"column":17}},"8":{"start":{"line":27,"column":0},"end":{"line":27,"column":35}},"9":{"start":{"line":29,"column":24},"end":{"line":34,"column":2}},"10":{"start":{"line":30,"column":2},"end":{"line":33,"column":17}},"11":{"start":{"line":35,"column":0},"end":{"line":35,"column":47}},"12":{"start":{"line":37,"column":20},"end":{"line":39,"column":2}},"13":{"start":{"line":38,"column":2},"end":{"line":38,"column":68}},"14":{"start":{"line":40,"column":0},"end":{"line":40,"column":39}},"15":{"start":{"line":42,"column":19},"end":{"line":47,"column":2}},"16":{"start":{"line":43,"column":2},"end":{"line":46,"column":17}},"17":{"start":{"line":48,"column":0},"end":{"line":48,"column":37}}},"fnMap":{"0":{"name":"(anonymous_0)","decl":{"start":{"line":5,"column":30},"end":{"line":5,"column":31}},"loc":{"start":{"line":6,"column":2},"end":{"line":9,"column":17}},"line":6},"1":{"name":"(anonymous_1)","decl":{"start":{"line":13,"column":36},"end":{"line":13,"column":37}},"loc":{"start":{"line":14,"column":2},"end":{"line":17,"column":17}},"line":14},"2":{"name":"(anonymous_2)","decl":{"start":{"line":21,"column":35},"end":{"line":21,"column":36}},"loc":{"start":{"line":22,"column":2},"end":{"line":25,"column":17}},"line":22},"3":{"name":"(anonymous_3)","decl":{"start":{"line":29,"column":41},"end":{"line":29,"column":42}},"loc":{"start":{"line":30,"column":2},"end":{"line":33,"column":17}},"line":30},"4":{"name":"(anonymous_4)","decl":{"start":{"line":37,"column":37},"end":{"line":37,"column":38}},"loc":{"start":{"line":38,"column":2},"end":{"line":38,"column":68}},"line":38},"5":{"name":"(anonymous_5)","decl":{"start":{"line":42,"column":36},"end":{"line":42,"column":37}},"loc":{"start":{"line":43,"column":2},"end":{"line":46,"column":17}},"line":43}},"branchMap":{},"s":{"0":2,"1":0,"2":2,"3":2,"4":0,"5":2,"6":2,"7":0,"8":2,"9":2,"10":0,"11":2,"12":2,"13":0,"14":2,"15":2,"16":0,"17":2},"f":{"0":0,"1":0,"2":0,"3":0,"4":0,"5":0},"b":{},"_coverageSchema":"1a1c01bbd47fc00a2c39e90264f33305004495a9","hash":"78ab064d3c2490a369c2e85bef21f7883d732763"}
,"/Users/akrambettayeb/Desktop/Software Engineering/chi-works/front-end/components/ui/input.jsx": {"path":"/Users/akrambettayeb/Desktop/Software Engineering/chi-works/front-end/components/ui/input.jsx","statementMap":{"0":{"start":{"line":5,"column":14},"end":{"line":16,"column":2}},"1":{"start":{"line":6,"column":2},"end":{"line":15,"column":4}},"2":{"start":{"line":17,"column":0},"end":{"line":17,"column":27}}},"fnMap":{"0":{"name":"(anonymous_0)","decl":{"start":{"line":5,"column":31},"end":{"line":5,"column":32}},"loc":{"start":{"line":5,"column":71},"end":{"line":16,"column":1}},"line":5}},"branchMap":{},"s":{"0":1,"1":6,"2":1},"f":{"0":6},"b":{},"_coverageSchema":"1a1c01bbd47fc00a2c39e90264f33305004495a9","hash":"58b8b98947f48310cdd5673d29caf68f7fedc115"}
,"/Users/akrambettayeb/Desktop/Software Engineering/chi-works/front-end/src/assets/about_pictures/akram_pic.png": {"path":"/Users/akrambettayeb/Desktop/Software Engineering/chi-works/front-end/src/assets/about_pictures/akram_pic.png","statementMap":{"0":{"start":{"line":1,"column":0},"end":{"line":1,"column":19}}},"fnMap":{},"branchMap":{},"s":{"0":1},"f":{},"b":{},"_coverageSchema":"1a1c01bbd47fc00a2c39e90264f33305004495a9","hash":"dae1c2f1842bd9c8f869e7fcb70724588d12b94f"}
,"/Users/akrambettayeb/Desktop/Software Engineering/chi-works/front-end/src/assets/about_pictures/caiden_pic.png": {"path":"/Users/akrambettayeb/Desktop/Software Engineering/chi-works/front-end/src/assets/about_pictures/caiden_pic.png","statementMap":{"0":{"start":{"line":1,"column":0},"end":{"line":1,"column":19}}},"fnMap":{},"branchMap":{},"s":{"0":1},"f":{},"b":{},"_coverageSchema":"1a1c01bbd47fc00a2c39e90264f33305004495a9","hash":"1e0a6dc5a6c15cbd45e1e65130ce67b2ff6732a0"}
,"/Users/akrambettayeb/Desktop/Software Engineering/chi-works/front-end/src/assets/about_pictures/kaiden_pic.png": {"path":"/Users/akrambettayeb/Desktop/Software Engineering/chi-works/front-end/src/assets/about_pictures/kaiden_pic.png","statementMap":{"0":{"start":{"line":1,"column":0},"end":{"line":1,"column":19}}},"fnMap":{},"branchMap":{},"s":{"0":1},"f":{},"b":{},"_coverageSchema":"1a1c01bbd47fc00a2c39e90264f33305004495a9","hash":"f42be629e25e1a372d7fadfaa493269cb33dfc27"}
,"/Users/akrambettayeb/Desktop/Software Engineering/chi-works/front-end/src/assets/about_pictures/sarvesh_pic.png": {"path":"/Users/akrambettayeb/Desktop/Software Engineering/chi-works/front-end/src/assets/about_pictures/sarvesh_pic.png","statementMap":{"0":{"start":{"line":1,"column":0},"end":{"line":1,"column":19}}},"fnMap":{},"branchMap":{},"s":{"0":1},"f":{},"b":{},"_coverageSchema":"1a1c01bbd47fc00a2c39e90264f33305004495a9","hash":"10742808d4a5dd75833120511d9e19ef4caec161"}
,"/Users/akrambettayeb/Desktop/Software Engineering/chi-works/front-end/src/components/InstanceCard.jsx": {"path":"/Users/akrambettayeb/Desktop/Software Engineering/chi-works/front-end/src/components/InstanceCard.jsx","statementMap":{"0":{"start":{"line":24,"column":21},"end":{"line":51,"column":1}},"1":{"start":{"line":25,"column":4},"end":{"line":50,"column":6}},"2":{"start":{"line":44,"column":28},"end":{"line":44,"column":113}}},"fnMap":{"0":{"name":"(anonymous_0)","decl":{"start":{"line":24,"column":21},"end":{"line":24,"column":22}},"loc":{"start":{"line":24,"column":33},"end":{"line":51,"column":1}},"line":24},"1":{"name":"(anonymous_1)","decl":{"start":{"line":43,"column":42},"end":{"line":43,"column":43}},"loc":{"start":{"line":44,"column":28},"end":{"line":44,"column":113}},"line":44}},"branchMap":{},"s":{"0":2,"1":0,"2":0},"f":{"0":0,"1":0},"b":{},"_coverageSchema":"1a1c01bbd47fc00a2c39e90264f33305004495a9","hash":"442f4a9ed8a1ecf01bf292c111c6e1943f429d24"}
,"/Users/akrambettayeb/Desktop/Software Engineering/chi-works/front-end/src/components/InstanceInfo.jsx": {"path":"/Users/akrambettayeb/Desktop/Software Engineering/chi-works/front-end/src/components/InstanceInfo.jsx","statementMap":{"0":{"start":{"line":2,"column":21},"end":{"line":16,"column":1}},"1":{"start":{"line":4,"column":4},"end":{"line":15,"column":5}}},"fnMap":{"0":{"name":"(anonymous_0)","decl":{"start":{"line":2,"column":21},"end":{"line":2,"column":22}},"loc":{"start":{"line":2,"column":57},"end":{"line":16,"column":1}},"line":2}},"branchMap":{},"s":{"0":2,"1":2},"f":{"0":2},"b":{},"_coverageSchema":"1a1c01bbd47fc00a2c39e90264f33305004495a9","hash":"371ee4a1d3b7aeac42e81fdbc8e7f61083bec782"}
,"/Users/akrambettayeb/Desktop/Software Engineering/chi-works/front-end/src/components/InstanceScroller.jsx": {"path":"/Users/akrambettayeb/Desktop/Software Engineering/chi-works/front-end/src/components/InstanceScroller.jsx","statementMap":{"0":{"start":{"line":10,"column":25},"end":{"line":31,"column":1}},"1":{"start":{"line":11,"column":4},"end":{"line":30,"column":5}},"2":{"start":{"line":21,"column":24},"end":{"line":25,"column":25}}},"fnMap":{"0":{"name":"(anonymous_0)","decl":{"start":{"line":10,"column":25},"end":{"line":10,"column":26}},"loc":{"start":{"line":10,"column":43},"end":{"line":31,"column":1}},"line":10},"1":{"name":"(anonymous_1)","decl":{"start":{"line":20,"column":39},"end":{"line":20,"column":40}},"loc":{"start":{"line":20,"column":65},"end":{"line":26,"column":21}},"line":20}},"branchMap":{},"s":{"0":2,"1":4,"2":0},"f":{"0":4,"1":0},"b":{},"_coverageSchema":"1a1c01bbd47fc00a2c39e90264f33305004495a9","hash":"3b62f4670a01a56e6da817565a2cd089f5d0f54e"}
,"/Users/akrambettayeb/Desktop/Software Engineering/chi-works/front-end/src/components/Pagination.jsx": {"path":"/Users/akrambettayeb/Desktop/Software Engineering/chi-works/front-end/src/components/Pagination.jsx","statementMap":{"0":{"start":{"line":5,"column":19},"end":{"line":91,"column":1}},"1":{"start":{"line":6,"column":40},"end":{"line":6,"column":51}},"2":{"start":{"line":7,"column":21},"end":{"line":7,"column":57}},"3":{"start":{"line":8,"column":42},"end":{"line":8,"column":54}},"4":{"start":{"line":10,"column":2},"end":{"line":23,"column":32}},"5":{"start":{"line":11,"column":20},"end":{"line":11,"column":48}},"6":{"start":{"line":12,"column":18},"end":{"line":12,"column":53}},"7":{"start":{"line":14,"column":4},"end":{"line":16,"column":5}},"8":{"start":{"line":15,"column":6},"end":{"line":15,"column":43}},"9":{"start":{"line":18,"column":18},"end":{"line":18,"column":20}},"10":{"start":{"line":19,"column":4},"end":{"line":21,"column":5}},"11":{"start":{"line":19,"column":17},"end":{"line":19,"column":26}},"12":{"start":{"line":20,"column":6},"end":{"line":20,"column":20}},"13":{"start":{"line":22,"column":4},"end":{"line":22,"column":27}},"14":{"start":{"line":25,"column":27},"end":{"line":28,"column":3}},"15":{"start":{"line":26,"column":4},"end":{"line":26,"column":28}},"16":{"start":{"line":27,"column":4},"end":{"line":27,"column":26}},"17":{"start":{"line":30,"column":2},"end":{"line":90,"column":4}},"18":{"start":{"line":38,"column":23},"end":{"line":38,"column":42}},"19":{"start":{"line":49,"column":23},"end":{"line":49,"column":56}},"20":{"start":{"line":55,"column":8},"end":{"line":65,"column":17}},"21":{"start":{"line":57,"column":25},"end":{"line":57,"column":47}},"22":{"start":{"line":73,"column":23},"end":{"line":73,"column":56}},"23":{"start":{"line":84,"column":23},"end":{"line":84,"column":51}}},"fnMap":{"0":{"name":"(anonymous_0)","decl":{"start":{"line":5,"column":19},"end":{"line":5,"column":20}},"loc":{"start":{"line":5,"column":67},"end":{"line":91,"column":1}},"line":5},"1":{"name":"(anonymous_1)","decl":{"start":{"line":10,"column":12},"end":{"line":10,"column":13}},"loc":{"start":{"line":10,"column":18},"end":{"line":23,"column":3}},"line":10},"2":{"name":"(anonymous_2)","decl":{"start":{"line":25,"column":27},"end":{"line":25,"column":28}},"loc":{"start":{"line":25,"column":40},"end":{"line":28,"column":3}},"line":25},"3":{"name":"(anonymous_3)","decl":{"start":{"line":38,"column":17},"end":{"line":38,"column":18}},"loc":{"start":{"line":38,"column":23},"end":{"line":38,"column":42}},"line":38},"4":{"name":"(anonymous_4)","decl":{"start":{"line":49,"column":17},"end":{"line":49,"column":18}},"loc":{"start":{"line":49,"column":23},"end":{"line":49,"column":56}},"line":49},"5":{"name":"(anonymous_5)","decl":{"start":{"line":54,"column":24},"end":{"line":54,"column":25}},"loc":{"start":{"line":55,"column":8},"end":{"line":65,"column":17}},"line":55},"6":{"name":"(anonymous_6)","decl":{"start":{"line":57,"column":19},"end":{"line":57,"column":20}},"loc":{"start":{"line":57,"column":25},"end":{"line":57,"column":47}},"line":57},"7":{"name":"(anonymous_7)","decl":{"start":{"line":73,"column":17},"end":{"line":73,"column":18}},"loc":{"start":{"line":73,"column":23},"end":{"line":73,"column":56}},"line":73},"8":{"name":"(anonymous_8)","decl":{"start":{"line":84,"column":17},"end":{"line":84,"column":18}},"loc":{"start":{"line":84,"column":23},"end":{"line":84,"column":51}},"line":84}},"branchMap":{"0":{"loc":{"start":{"line":14,"column":4},"end":{"line":16,"column":5}},"type":"if","locations":[{"start":{"line":14,"column":4},"end":{"line":16,"column":5}},{"start":{},"end":{}}],"line":14},"1":{"loc":{"start":{"line":34,"column":10},"end":{"line":36,"column":47}},"type":"cond-expr","locations":[{"start":{"line":35,"column":14},"end":{"line":35,"column":47}},{"start":{"line":36,"column":14},"end":{"line":36,"column":47}}],"line":34},"2":{"loc":{"start":{"line":34,"column":10},"end":{"line":34,"column":46}},"type":"binary-expr","locations":[{"start":{"line":34,"column":10},"end":{"line":34,"column":27}},{"start":{"line":34,"column":31},"end":{"line":34,"column":46}}],"line":34},"3":{"loc":{"start":{"line":39,"column":18},"end":{"line":39,"column":54}},"type":"binary-expr","locations":[{"start":{"line":39,"column":18},"end":{"line":39,"column":35}},{"start":{"line":39,"column":39},"end":{"line":39,"column":54}}],"line":39},"4":{"loc":{"start":{"line":45,"column":10},"end":{"line":47,"column":47}},"type":"cond-expr","locations":[{"start":{"line":46,"column":14},"end":{"line":46,"column":47}},{"start":{"line":47,"column":14},"end":{"line":47,"column":47}}],"line":45},"5":{"loc":{"start":{"line":45,"column":10},"end":{"line":45,"column":46}},"type":"binary-expr","locations":[{"start":{"line":45,"column":10},"end":{"line":45,"column":27}},{"start":{"line":45,"column":31},"end":{"line":45,"column":46}}],"line":45},"6":{"loc":{"start":{"line":50,"column":18},"end":{"line":50,"column":54}},"type":"binary-expr","locations":[{"start":{"line":50,"column":18},"end":{"line":50,"column":35}},{"start":{"line":50,"column":39},"end":{"line":50,"column":54}}],"line":50},"7":{"loc":{"start":{"line":59,"column":12},"end":{"line":61,"column":49}},"type":"cond-expr","locations":[{"start":{"line":60,"column":16},"end":{"line":60,"column":49}},{"start":{"line":61,"column":16},"end":{"line":61,"column":49}}],"line":59},"8":{"loc":{"start":{"line":69,"column":10},"end":{"line":71,"column":47}},"type":"cond-expr","locations":[{"start":{"line":70,"column":14},"end":{"line":70,"column":47}},{"start":{"line":71,"column":14},"end":{"line":71,"column":47}}],"line":69},"9":{"loc":{"start":{"line":69,"column":10},"end":{"line":69,"column":55}},"type":"binary-expr","locations":[{"start":{"line":69,"column":10},"end":{"line":69,"column":36}},{"start":{"line":69,"column":40},"end":{"line":69,"column":55}}],"line":69},"10":{"loc":{"start":{"line":74,"column":18},"end":{"line":74,"column":63}},"type":"binary-expr","locations":[{"start":{"line":74,"column":18},"end":{"line":74,"column":44}},{"start":{"line":74,"column":48},"end":{"line":74,"column":63}}],"line":74},"11":{"loc":{"start":{"line":80,"column":10},"end":{"line":82,"column":47}},"type":"cond-expr","locations":[{"start":{"line":81,"column":14},"end":{"line":81,"column":47}},{"start":{"line":82,"column":14},"end":{"line":82,"column":47}}],"line":80},"12":{"loc":{"start":{"line":80,"column":10},"end":{"line":80,"column":55}},"type":"binary-expr","locations":[{"start":{"line":80,"column":10},"end":{"line":80,"column":36}},{"start":{"line":80,"column":40},"end":{"line":80,"column":55}}],"line":80},"13":{"loc":{"start":{"line":85,"column":18},"end":{"line":85,"column":63}},"type":"binary-expr","locations":[{"start":{"line":85,"column":18},"end":{"line":85,"column":44}},{"start":{"line":85,"column":48},"end":{"line":85,"column":63}}],"line":85}},"s":{"0":1,"1":12,"2":12,"3":12,"4":12,"5":6,"6":6,"7":6,"8":6,"9":6,"10":6,"11":6,"12":2,"13":6,"14":12,"15":0,"16":0,"17":12,"18":0,"19":0,"20":2,"21":0,"22":0,"23":0},"f":{"0":12,"1":6,"2":0,"3":0,"4":0,"5":2,"6":0,"7":0,"8":0},"b":{"0":[6,0],"1":[12,0],"2":[12,0],"3":[12,0],"4":[12,0],"5":[12,0],"6":[12,0],"7":[2,0],"8":[12,0],"9":[12,8],"10":[12,8],"11":[12,0],"12":[12,8],"13":[12,8]},"_coverageSchema":"1a1c01bbd47fc00a2c39e90264f33305004495a9","hash":"1fee89e4738194c302142f8411714d25b929ae8d"}
,"/Users/akrambettayeb/Desktop/Software Engineering/chi-works/front-end/src/lib/utils.js": {"path":"/Users/akrambettayeb/Desktop/Software Engineering/chi-works/front-end/src/lib/utils.js","statementMap":{"0":{"start":{"line":5,"column":2},"end":{"line":5,"column":30}}},"fnMap":{"0":{"name":"cn","decl":{"start":{"line":4,"column":16},"end":{"line":4,"column":18}},"loc":{"start":{"line":4,"column":30},"end":{"line":6,"column":1}},"line":4}},"branchMap":{},"s":{"0":62},"f":{"0":62},"b":{},"_coverageSchema":"1a1c01bbd47fc00a2c39e90264f33305004495a9","hash":"e63b20fc57afb5a702db4307b7425d1efbffd31d"}
,"/Users/akrambettayeb/Desktop/Software Engineering/chi-works/front-end/src/routes/About.jsx": {"path":"/Users/akrambettayeb/Desktop/Software Engineering/chi-works/front-end/src/routes/About.jsx","statementMap":{"0":{"start":{"line":9,"column":14},"end":{"line":9,"column":42}},"1":{"start":{"line":10,"column":16},"end":{"line":10,"column":61}},"2":{"start":{"line":11,"column":16},"end":{"line":13,"column":1}},"3":{"start":{"line":15,"column":20},"end":{"line":49,"column":1}},"4":{"start":{"line":51,"column":29},"end":{"line":130,"column":1}},"5":{"start":{"line":53,"column":21},"end":{"line":56,"column":6}},"6":{"start":{"line":57,"column":21},"end":{"line":59,"column":5}},"7":{"start":{"line":58,"column":17},"end":{"line":58,"column":46}},"8":{"start":{"line":60,"column":4},"end":{"line":60,"column":20}},"9":{"start":{"line":64,"column":29},"end":{"line":66,"column":6}},"10":{"start":{"line":67,"column":21},"end":{"line":67,"column":42}},"11":{"start":{"line":69,"column":23},"end":{"line":69,"column":25}},"12":{"start":{"line":70,"column":4},"end":{"line":76,"column":5}},"13":{"start":{"line":71,"column":30},"end":{"line":74,"column":8}},"14":{"start":{"line":75,"column":6},"end":{"line":75,"column":47}},"15":{"start":{"line":77,"column":4},"end":{"line":77,"column":22}},"16":{"start":{"line":81,"column":52},"end":{"line":81,"column":62}},"17":{"start":{"line":83,"column":28},"end":{"line":85,"column":6}},"18":{"start":{"line":87,"column":25},"end":{"line":89,"column":5}},"19":{"start":{"line":88,"column":18},"end":{"line":88,"column":50}},"20":{"start":{"line":91,"column":4},"end":{"line":91,"column":33}},"21":{"start":{"line":91,"column":23},"end":{"line":91,"column":33}},"22":{"start":{"line":93,"column":23},"end":{"line":93,"column":60}},"23":{"start":{"line":95,"column":29},"end":{"line":95,"column":31}},"24":{"start":{"line":97,"column":4},"end":{"line":108,"column":5}},"25":{"start":{"line":98,"column":6},"end":{"line":103,"column":7}},"26":{"start":{"line":99,"column":37},"end":{"line":101,"column":9}},"27":{"start":{"line":100,"column":22},"end":{"line":100,"column":52}},"28":{"start":{"line":102,"column":8},"end":{"line":102,"column":57}},"29":{"start":{"line":105,"column":6},"end":{"line":107,"column":8}},"30":{"start":{"line":106,"column":20},"end":{"line":106,"column":72}},"31":{"start":{"line":110,"column":26},"end":{"line":110,"column":28}},"32":{"start":{"line":111,"column":4},"end":{"line":113,"column":7}},"33":{"start":{"line":112,"column":6},"end":{"line":112,"column":40}},"34":{"start":{"line":115,"column":25},"end":{"line":115,"column":58}},"35":{"start":{"line":117,"column":25},"end":{"line":119,"column":5}},"36":{"start":{"line":120,"column":4},"end":{"line":128,"column":6}},"37":{"start":{"line":133,"column":32},"end":{"line":138,"column":4}},"38":{"start":{"line":139,"column":32},"end":{"line":139,"column":46}},"39":{"start":{"line":140,"column":28},"end":{"line":140,"column":42}},"40":{"start":{"line":142,"column":2},"end":{"line":151,"column":22}},"41":{"start":{"line":143,"column":4},"end":{"line":150,"column":40}},"42":{"start":{"line":145,"column":8},"end":{"line":145,"column":55}},"43":{"start":{"line":150,"column":21},"end":{"line":150,"column":38}},"44":{"start":{"line":153,"column":2},"end":{"line":203,"column":4}},"45":{"start":{"line":199,"column":10},"end":{"line":199,"column":68}}},"fnMap":{"0":{"name":"(anonymous_0)","decl":{"start":{"line":52,"column":27},"end":{"line":52,"column":28}},"loc":{"start":{"line":52,"column":45},"end":{"line":61,"column":3}},"line":52},"1":{"name":"(anonymous_1)","decl":{"start":{"line":58,"column":6},"end":{"line":58,"column":7}},"loc":{"start":{"line":58,"column":17},"end":{"line":58,"column":46}},"line":58},"2":{"name":"(anonymous_2)","decl":{"start":{"line":63,"column":19},"end":{"line":63,"column":20}},"loc":{"start":{"line":63,"column":31},"end":{"line":78,"column":3}},"line":63},"3":{"name":"(anonymous_3)","decl":{"start":{"line":80,"column":25},"end":{"line":80,"column":26}},"loc":{"start":{"line":80,"column":59},"end":{"line":129,"column":3}},"line":80},"4":{"name":"(anonymous_4)","decl":{"start":{"line":88,"column":6},"end":{"line":88,"column":7}},"loc":{"start":{"line":88,"column":18},"end":{"line":88,"column":50}},"line":88},"5":{"name":"(anonymous_5)","decl":{"start":{"line":100,"column":10},"end":{"line":100,"column":11}},"loc":{"start":{"line":100,"column":22},"end":{"line":100,"column":52}},"line":100},"6":{"name":"(anonymous_6)","decl":{"start":{"line":106,"column":8},"end":{"line":106,"column":9}},"loc":{"start":{"line":106,"column":20},"end":{"line":106,"column":72}},"line":106},"7":{"name":"(anonymous_7)","decl":{"start":{"line":111,"column":31},"end":{"line":111,"column":32}},"loc":{"start":{"line":111,"column":43},"end":{"line":113,"column":5}},"line":111},"8":{"name":"About","decl":{"start":{"line":132,"column":9},"end":{"line":132,"column":14}},"loc":{"start":{"line":132,"column":50},"end":{"line":204,"column":1}},"line":132},"9":{"name":"(anonymous_9)","decl":{"start":{"line":142,"column":12},"end":{"line":142,"column":13}},"loc":{"start":{"line":142,"column":18},"end":{"line":151,"column":3}},"line":142},"10":{"name":"(anonymous_10)","decl":{"start":{"line":144,"column":38},"end":{"line":144,"column":39}},"loc":{"start":{"line":145,"column":8},"end":{"line":145,"column":55}},"line":145},"11":{"name":"(anonymous_11)","decl":{"start":{"line":150,"column":15},"end":{"line":150,"column":16}},"loc":{"start":{"line":150,"column":21},"end":{"line":150,"column":38}},"line":150},"12":{"name":"(anonymous_12)","decl":{"start":{"line":198,"column":21},"end":{"line":198,"column":22}},"loc":{"start":{"line":199,"column":10},"end":{"line":199,"column":68}},"line":199}},"branchMap":{"0":{"loc":{"start":{"line":91,"column":4},"end":{"line":91,"column":33}},"type":"if","locations":[{"start":{"line":91,"column":4},"end":{"line":91,"column":33}},{"start":{},"end":{}}],"line":91},"1":{"loc":{"start":{"line":97,"column":4},"end":{"line":108,"column":5}},"type":"if","locations":[{"start":{"line":97,"column":4},"end":{"line":108,"column":5}},{"start":{"line":104,"column":11},"end":{"line":108,"column":5}}],"line":97},"2":{"loc":{"start":{"line":126,"column":17},"end":{"line":126,"column":42}},"type":"binary-expr","locations":[{"start":{"line":126,"column":17},"end":{"line":126,"column":37}},{"start":{"line":126,"column":41},"end":{"line":126,"column":42}}],"line":126},"3":{"loc":{"start":{"line":132,"column":17},"end":{"line":132,"column":46}},"type":"default-arg","locations":[{"start":{"line":132,"column":33},"end":{"line":132,"column":46}}],"line":132}},"s":{"0":1,"1":1,"2":1,"3":1,"4":1,"5":2,"6":2,"7":4,"8":2,"9":1,"10":1,"11":1,"12":1,"13":1,"14":1,"15":1,"16":9,"17":9,"18":9,"19":1,"20":1,"21":0,"22":1,"23":1,"24":1,"25":0,"26":0,"27":0,"28":0,"29":1,"30":1,"31":1,"32":1,"33":1,"34":1,"35":1,"36":1,"37":3,"38":3,"39":3,"40":3,"41":2,"42":8,"43":2,"44":3,"45":12},"f":{"0":2,"1":4,"2":1,"3":9,"4":1,"5":0,"6":1,"7":1,"8":3,"9":2,"10":8,"11":2,"12":12},"b":{"0":[0,1],"1":[0,1],"2":[1,1],"3":[3]},"_coverageSchema":"1a1c01bbd47fc00a2c39e90264f33305004495a9","hash":"95e409383187078c35d3aab8b7c7223c1e00d0fa"}
,"/Users/akrambettayeb/Desktop/Software Engineering/chi-works/front-end/src/routes/EmployerInstance.jsx": {"path":"/Users/akrambettayeb/Desktop/Software Engineering/chi-works/front-end/src/routes/EmployerInstance.jsx","statementMap":{"0":{"start":{"line":9,"column":22},"end":{"line":9,"column":31}},"1":{"start":{"line":10,"column":23},"end":{"line":12,"column":3}},"2":{"start":{"line":13,"column":19},"end":{"line":13,"column":36}},"3":{"start":{"line":14,"column":2},"end":{"line":14,"column":24}},"4":{"start":{"line":16,"column":2},"end":{"line":20,"column":4}},"5":{"start":{"line":22,"column":2},"end":{"line":26,"column":4}},"6":{"start":{"line":28,"column":2},"end":{"line":28,"column":22}},"7":{"start":{"line":31,"column":25},"end":{"line":78,"column":1}},"8":{"start":{"line":32,"column":23},"end":{"line":32,"column":38}},"9":{"start":{"line":33,"column":2},"end":{"line":77,"column":4}}},"fnMap":{"0":{"name":"loader","decl":{"start":{"line":8,"column":22},"end":{"line":8,"column":28}},"loc":{"start":{"line":8,"column":41},"end":{"line":29,"column":1}},"line":8},"1":{"name":"(anonymous_1)","decl":{"start":{"line":31,"column":25},"end":{"line":31,"column":26}},"loc":{"start":{"line":31,"column":58},"end":{"line":78,"column":1}},"line":31}},"branchMap":{},"s":{"0":1,"1":1,"2":1,"3":1,"4":1,"5":1,"6":1,"7":1,"8":2,"9":2},"f":{"0":1,"1":2},"b":{},"_coverageSchema":"1a1c01bbd47fc00a2c39e90264f33305004495a9","hash":"e3e9d5f75593bbae70f034a2ceb347a14d588c4c"}
,"/Users/akrambettayeb/Desktop/Software Engineering/chi-works/front-end/src/routes/ModelView.jsx": {"path":"/Users/akrambettayeb/Desktop/Software Engineering/chi-works/front-end/src/routes/ModelView.jsx","statementMap":{"0":{"start":{"line":10,"column":18},"end":{"line":64,"column":1}},"1":{"start":{"line":11,"column":19},"end":{"line":11,"column":32}},"2":{"start":{"line":12,"column":26},"end":{"line":12,"column":38}},"3":{"start":{"line":13,"column":23},"end":{"line":13,"column":25}},"4":{"start":{"line":14,"column":40},"end":{"line":14,"column":51}},"5":{"start":{"line":16,"column":2},"end":{"line":20,"column":17}},"6":{"start":{"line":17,"column":4},"end":{"line":19,"column":7}},"7":{"start":{"line":18,"column":6},"end":{"line":18,"column":20}},"8":{"start":{"line":22,"column":27},"end":{"line":24,"column":3}},"9":{"start":{"line":23,"column":4},"end":{"line":23,"column":28}},"10":{"start":{"line":26,"column":22},"end":{"line":29,"column":3}},"11":{"start":{"line":31,"column":2},"end":{"line":63,"column":4}},"12":{"start":{"line":57,"column":10},"end":{"line":59,"column":16}}},"fnMap":{"0":{"name":"(anonymous_0)","decl":{"start":{"line":10,"column":18},"end":{"line":10,"column":19}},"loc":{"start":{"line":10,"column":56},"end":{"line":64,"column":1}},"line":10},"1":{"name":"(anonymous_1)","decl":{"start":{"line":16,"column":12},"end":{"line":16,"column":13}},"loc":{"start":{"line":16,"column":18},"end":{"line":20,"column":3}},"line":16},"2":{"name":"(anonymous_2)","decl":{"start":{"line":17,"column":21},"end":{"line":17,"column":22}},"loc":{"start":{"line":17,"column":31},"end":{"line":19,"column":5}},"line":17},"3":{"name":"(anonymous_3)","decl":{"start":{"line":22,"column":27},"end":{"line":22,"column":28}},"loc":{"start":{"line":22,"column":40},"end":{"line":24,"column":3}},"line":22},"4":{"name":"(anonymous_4)","decl":{"start":{"line":56,"column":25},"end":{"line":56,"column":26}},"loc":{"start":{"line":57,"column":10},"end":{"line":59,"column":16}},"line":57}},"branchMap":{},"s":{"0":1,"1":6,"2":6,"3":6,"4":6,"5":6,"6":4,"7":4,"8":6,"9":0,"10":6,"11":6,"12":2},"f":{"0":6,"1":4,"2":4,"3":0,"4":2},"b":{},"_coverageSchema":"1a1c01bbd47fc00a2c39e90264f33305004495a9","hash":"ad5cd4663f2e9e717ab7756b243d550dc8a00414"}
,"/Users/akrambettayeb/Desktop/Software Engineering/chi-works/front-end/src/routes/ResourceInstance.jsx": {"path":"/Users/akrambettayeb/Desktop/Software Engineering/chi-works/front-end/src/routes/ResourceInstance.jsx","statementMap":{"0":{"start":{"line":11,"column":22},"end":{"line":11,"column":31}},"1":{"start":{"line":12,"column":23},"end":{"line":14,"column":3}},"2":{"start":{"line":15,"column":19},"end":{"line":15,"column":36}},"3":{"start":{"line":16,"column":2},"end":{"line":16,"column":24}},"4":{"start":{"line":18,"column":2},"end":{"line":22,"column":4}},"5":{"start":{"line":24,"column":2},"end":{"line":28,"column":4}},"6":{"start":{"line":30,"column":2},"end":{"line":30,"column":22}},"7":{"start":{"line":33,"column":25},"end":{"line":66,"column":1}},"8":{"start":{"line":34,"column":23},"end":{"line":34,"column":38}},"9":{"start":{"line":35,"column":2},"end":{"line":65,"column":4}}},"fnMap":{"0":{"name":"loader","decl":{"start":{"line":10,"column":22},"end":{"line":10,"column":28}},"loc":{"start":{"line":10,"column":41},"end":{"line":31,"column":1}},"line":10},"1":{"name":"(anonymous_1)","decl":{"start":{"line":33,"column":25},"end":{"line":33,"column":26}},"loc":{"start":{"line":33,"column":58},"end":{"line":66,"column":1}},"line":33}},"branchMap":{},"s":{"0":2,"1":2,"2":2,"3":2,"4":2,"5":2,"6":2,"7":1,"8":0,"9":0},"f":{"0":2,"1":0},"b":{},"_coverageSchema":"1a1c01bbd47fc00a2c39e90264f33305004495a9","hash":"9b6b96a6fae6ebf4b048ea4ca7dfd3e21c9701ee"}
}
