TN:
SF:components/ui/button.jsx
FN:36,(anonymous_0)
FNF:1
FNH:1
FNDA:56,(anonymous_0)
DA:7,1
DA:36,1
DA:37,56
DA:38,56
DA:45,1
LF:5
LH:5
BRDA:36,0,0,56
BRDA:37,1,0,0
BRDA:37,1,1,56
BRF:3
BRH:2
end_of_record
TN:
SF:components/ui/card.jsx
FN:5,(anonymous_0)
FN:13,(anonymous_1)
FN:21,(anonymous_2)
FN:29,(anonymous_3)
FN:37,(anonymous_4)
FN:42,(anonymous_5)
FNF:6
FNH:0
FNDA:0,(anonymous_0)
FNDA:0,(anonymous_1)
FNDA:0,(anonymous_2)
FNDA:0,(anonymous_3)
FNDA:0,(anonymous_4)
FNDA:0,(anonymous_5)
DA:5,2
DA:6,0
DA:11,2
DA:13,2
DA:14,0
DA:19,2
DA:21,2
DA:22,0
DA:27,2
DA:29,2
DA:30,0
DA:35,2
DA:37,2
DA:38,0
DA:40,2
DA:42,2
DA:43,0
DA:48,2
LF:18
LH:12
BRF:0
BRH:0
end_of_record
TN:
SF:components/ui/input.jsx
FN:5,(anonymous_0)
FNF:1
FNH:1
FNDA:6,(anonymous_0)
DA:5,1
DA:6,6
DA:17,1
LF:3
LH:3
BRF:0
BRH:0
end_of_record
TN:
SF:src/assets/about_pictures/akram_pic.png
FNF:0
FNH:0
DA:1,1
LF:1
LH:1
BRF:0
BRH:0
end_of_record
TN:
SF:src/assets/about_pictures/caiden_pic.png
FNF:0
FNH:0
DA:1,1
LF:1
LH:1
BRF:0
BRH:0
end_of_record
TN:
SF:src/assets/about_pictures/kaiden_pic.png
FNF:0
FNH:0
DA:1,1
LF:1
LH:1
BRF:0
BRH:0
end_of_record
TN:
SF:src/assets/about_pictures/sarvesh_pic.png
FNF:0
FNH:0
DA:1,1
LF:1
LH:1
BRF:0
BRH:0
end_of_record
TN:
SF:src/components/InstanceCard.jsx
FN:24,(anonymous_0)
FN:43,(anonymous_1)
FNF:2
FNH:0
FNDA:0,(anonymous_0)
FNDA:0,(anonymous_1)
DA:24,2
DA:25,0
DA:44,0
LF:3
LH:1
BRF:0
BRH:0
end_of_record
TN:
SF:src/components/InstanceInfo.jsx
FN:2,(anonymous_0)
FNF:1
FNH:1
FNDA:2,(anonymous_0)
DA:2,2
DA:4,2
LF:2
LH:2
BRF:0
BRH:0
end_of_record
TN:
SF:src/components/InstanceScroller.jsx
FN:10,(anonymous_0)
FN:20,(anonymous_1)
FNF:2
FNH:1
FNDA:4,(anonymous_0)
FNDA:0,(anonymous_1)
DA:10,2
DA:11,4
DA:21,0
LF:3
LH:2
BRF:0
BRH:0
end_of_record
TN:
SF:src/components/Pagination.jsx
FN:5,(anonymous_0)
FN:10,(anonymous_1)
FN:25,(anonymous_2)
FN:38,(anonymous_3)
FN:49,(anonymous_4)
FN:54,(anonymous_5)
FN:57,(anonymous_6)
FN:73,(anonymous_7)
FN:84,(anonymous_8)
FNF:9
FNH:3
FNDA:12,(anonymous_0)
FNDA:6,(anonymous_1)
FNDA:0,(anonymous_2)
FNDA:0,(anonymous_3)
FNDA:0,(anonymous_4)
FNDA:2,(anonymous_5)
FNDA:0,(anonymous_6)
FNDA:0,(anonymous_7)
FNDA:0,(anonymous_8)
DA:5,1
DA:6,12
DA:7,12
DA:8,12
DA:10,12
DA:11,6
DA:12,6
DA:14,6
DA:15,6
DA:18,6
DA:19,6
DA:20,2
DA:22,6
DA:25,12
DA:26,0
DA:27,0
DA:30,12
DA:38,0
DA:49,0
DA:55,2
DA:57,0
DA:73,0
DA:84,0
LF:23
LH:16
BRDA:14,0,0,6
BRDA:14,0,1,0
BRDA:34,1,0,12
BRDA:34,1,1,0
BRDA:34,2,0,12
BRDA:34,2,1,0
BRDA:39,3,0,12
BRDA:39,3,1,0
BRDA:45,4,0,12
BRDA:45,4,1,0
BRDA:45,5,0,12
BRDA:45,5,1,0
BRDA:50,6,0,12
BRDA:50,6,1,0
BRDA:59,7,0,2
BRDA:59,7,1,0
BRDA:69,8,0,12
BRDA:69,8,1,0
BRDA:69,9,0,12
BRDA:69,9,1,8
BRDA:74,10,0,12
BRDA:74,10,1,8
BRDA:80,11,0,12
BRDA:80,11,1,0
BRDA:80,12,0,12
BRDA:80,12,1,8
BRDA:85,13,0,12
BRDA:85,13,1,8
BRF:28
BRH:18
end_of_record
TN:
SF:src/lib/utils.js
FN:4,cn
FNF:1
FNH:1
FNDA:62,cn
DA:5,62
LF:1
LH:1
BRF:0
BRH:0
end_of_record
TN:
SF:src/routes/About.jsx
FN:52,(anonymous_0)
FN:58,(anonymous_1)
FN:63,(anonymous_2)
FN:80,(anonymous_3)
FN:88,(anonymous_4)
FN:100,(anonymous_5)
FN:106,(anonymous_6)
FN:111,(anonymous_7)
FN:132,About
FN:142,(anonymous_9)
FN:144,(anonymous_10)
FN:150,(anonymous_11)
FN:198,(anonymous_12)
FNF:13
FNH:12
FNDA:2,(anonymous_0)
FNDA:4,(anonymous_1)
FNDA:1,(anonymous_2)
FNDA:9,(anonymous_3)
FNDA:1,(anonymous_4)
FNDA:0,(anonymous_5)
FNDA:1,(anonymous_6)
FNDA:1,(anonymous_7)
FNDA:3,About
FNDA:2,(anonymous_9)
FNDA:8,(anonymous_10)
FNDA:2,(anonymous_11)
FNDA:12,(anonymous_12)
DA:9,1
DA:10,1
DA:11,1
DA:15,1
DA:51,1
DA:53,2
DA:57,2
DA:58,4
DA:60,2
DA:64,1
DA:67,1
DA:69,1
DA:70,1
DA:71,1
DA:75,1
DA:77,1
DA:81,9
DA:83,9
DA:87,9
DA:88,1
DA:91,1
DA:93,1
DA:95,1
DA:97,1
DA:98,0
DA:99,0
DA:100,0
DA:102,0
DA:105,1
DA:106,1
DA:110,1
DA:111,1
DA:112,1
DA:115,1
DA:117,1
DA:120,1
DA:133,3
DA:139,3
DA:140,3
DA:142,3
DA:143,2
DA:145,8
DA:150,2
DA:153,3
DA:199,12
LF:45
LH:41
BRDA:91,0,0,0
BRDA:91,0,1,1
BRDA:97,1,0,0
BRDA:97,1,1,1
BRDA:126,2,0,1
BRDA:126,2,1,1
BRDA:132,3,0,3
BRF:7
BRH:5
end_of_record
TN:
SF:src/routes/EmployerInstance.jsx
FN:8,loader
FN:31,(anonymous_1)
FNF:2
FNH:2
FNDA:1,loader
FNDA:2,(anonymous_1)
DA:9,1
DA:10,1
DA:13,1
DA:14,1
DA:16,1
DA:22,1
DA:28,1
DA:31,1
DA:32,2
DA:33,2
LF:10
LH:10
BRF:0
BRH:0
end_of_record
TN:
SF:src/routes/ModelView.jsx
FN:10,(anonymous_0)
FN:16,(anonymous_1)
FN:17,(anonymous_2)
FN:22,(anonymous_3)
FN:56,(anonymous_4)
FNF:5
FNH:4
FNDA:6,(anonymous_0)
FNDA:4,(anonymous_1)
FNDA:4,(anonymous_2)
FNDA:0,(anonymous_3)
FNDA:2,(anonymous_4)
DA:10,1
DA:11,6
DA:12,6
DA:13,6
DA:14,6
DA:16,6
DA:17,4
DA:18,4
DA:22,6
DA:23,0
DA:26,6
DA:31,6
DA:57,2
LF:13
LH:12
BRF:0
BRH:0
end_of_record
TN:
SF:src/routes/ResourceInstance.jsx
FN:10,loader
FN:33,(anonymous_1)
FNF:2
FNH:1
FNDA:2,loader
FNDA:0,(anonymous_1)
DA:11,2
DA:12,2
DA:15,2
DA:16,2
DA:18,2
DA:24,2
DA:30,2
DA:33,1
DA:34,0
DA:35,0
LF:10
LH:8
BRF:0
BRH:0
end_of_record
